<?xml version="1.0" encoding="UTF-8"?>
<!-- Generated by org.testng.reporters.JUnitXMLReporter -->
<testsuite ignored="1" hostname="L10030BLR" failures="1" tests="1" name="Test2Parlled" time="7.788" errors="0" timestamp="2021-06-05T07:28:19 IST">
  <testcase classname="selenium.testngDemo.ValidationTestNGAssert" name="softAssert" time="7.725">
    <failure type="java.lang.AssertionError" message="The following asserts failed:
	expected [Googles] but found [Google]">
      <![CDATA[java.lang.AssertionError: The following asserts failed:
expected [Googles] but found [Google]
at selenium.testngDemo.ValidationTestNGAssert.softAssert(ValidationTestNGAssert.java:49)
at java.base/java.util.ArrayList.forEach(ArrayList.java:1511)
at java.base/java.util.concurrent.FutureTask.run(FutureTask.java:264)
at java.base/java.util.concurrent.ThreadPoolExecutor.runWorker(ThreadPoolExecutor.java:1130)
at java.base/java.util.concurrent.ThreadPoolExecutor$Worker.run(ThreadPoolExecutor.java:630)
at java.base/java.lang.Thread.run(Thread.java:832)
... Removed 20 stack frames]]>
    </failure>
  </testcase> <!-- softAssert -->
  <testcase classname="selenium.testngDemo.ValidationTestNGAssert" name="hardAssert" time="0.0">
    <ignored/>
  </testcase> <!-- hardAssert -->
</testsuite> <!-- Test2Parlled -->
