<?xml version="1.0" encoding="UTF-8"?>
<!-- Generated by org.testng.reporters.JUnitXMLReporter -->
<testsuite ignored="0" hostname="CA-S-UMEERA-TAJ" failures="1" tests="3" name="Test" time="0.083" errors="0" timestamp="2021-08-24T07:41:25 IST">
  <testcase classname="selenium.testngDemo.listenerdemo.MyListenerExampleSuite" name="testCase1" time="0.012">
    <failure type="java.lang.AssertionError" message="null">
      <![CDATA[java.lang.AssertionError: null
at selenium.testngDemo.listenerdemo.MyListenerExampleSuite.testCase1(MyListenerExampleSuite.java:16)
at java.base/java.util.ArrayList.forEach(ArrayList.java:1511)
... Removed 29 stack frames]]>
    </failure>
  </testcase> <!-- testCase1 -->
  <testcase classname="selenium.testngDemo.listenerdemo.MyListenerExampleSuite" name="testCase2" time="0.003"/>
  <testcase classname="selenium.testngDemo.TestNGtest" name="testAnnotaiton" time="0.003"/>
</testsuite> <!-- Test -->
